<?xml version="1.0" encoding="UTF-8"?>
<!-- Generated by org.testng.reporters.JUnitXMLReporter -->
<testsuite hostname="Bruno" ignored="0" name="Surefire test" tests="6" failures="0" timestamp="2021-06-20T16:58:20 IST" time="58.398" errors="0">
  <testcase name="testFlight" time="0.338" classname="firstcleartriptest.mavenjava.AFlightTest"/>
  <testcase name="testPersons" time="4.454" classname="firstcleartriptest.mavenjava.AFlightTest"/>
  <testcase name="bclassTrain" time="1.748" classname="firstcleartriptest.mavenjava.BTrainTest"/>
  <testcase name="cdateTrain" time="0.433" classname="firstcleartriptest.mavenjava.BTrainTest"/>
  <testcase name="aHotelLocation" time="4.96" classname="firstcleartriptest.mavenjava.CHotelTest"/>
  <testcase name="bHotelTraveller" time="0.728" classname="firstcleartriptest.mavenjava.CHotelTest"/>
</testsuite> <!-- Surefire test -->
